[    0.000000] Linux version 4.15.0-189-generic (buildd@lcy02-amd64-039) (gcc version 7.5.0 (Ubuntu 7.5.0-3ubuntu1~18.04)) #200-Ubuntu SMP Wed Jun 22 19:53:37 UTC 2022 (Ubuntu 4.15.0-189.200-generic 4.15.18)
[    0.000000] Command line: BOOT_IMAGE=/boot/vmlinuz-4.15.0-189-generic root=LABEL=cloudimg-rootfs ro console=tty1 console=ttyS0
[    0.000000] KERNEL supported cpus:
[    0.000000]   Intel GenuineIntel
[    0.000000]   AMD AuthenticAMD
[    0.000000]   Centaur CentaurHauls
[    0.000000] x86/fpu: Supporting XSAVE feature 0x001: 'x87 floating point registers'
[    0.000000] x86/fpu: Supporting XSAVE feature 0x002: 'SSE registers'
[    0.000000] x86/fpu: Supporting XSAVE feature 0x004: 'AVX registers'
[    0.000000] x86/fpu: xstate_offset[2]:  576, xstate_sizes[2]:  256
[    0.000000] x86/fpu: Enabled xstate features 0x7, context size is 832 bytes, using 'standard' format.
[    0.000000] e820: BIOS-provided physical RAM map:
[    0.000000] BIOS-e820: [mem 0x0000000000000000-0x000000000009fbff] usable
[    0.000000] BIOS-e820: [mem 0x000000000009fc00-0x000000000009ffff] reserved
[    0.000000] BIOS-e820: [mem 0x00000000000f0000-0x00000000000fffff] reserved
[    0.000000] BIOS-e820: [mem 0x0000000000100000-0x000000007ffeffff] usable
[    0.000000] BIOS-e820: [mem 0x000000007fff0000-0x000000007fffffff] ACPI data
[    0.000000] BIOS-e820: [mem 0x00000000fec00000-0x00000000fec00fff] reserved
[    0.000000] BIOS-e820: [mem 0x00000000fee00000-0x00000000fee00fff] reserved
[    0.000000] BIOS-e820: [mem 0x00000000fffc0000-0x00000000ffffffff] reserved
[    0.000000] NX (Execute Disable) protection: active
[    0.000000] SMBIOS 2.5 present.
[    0.000000] DMI: innotek GmbH VirtualBox/VirtualBox, BIOS VirtualBox 12/01/2006
[    0.000000] Hypervisor detected: KVM
[    0.000000] e820: last_pfn = 0x7fff0 max_arch_pfn = 0x400000000
[    0.000000] MTRR: Disabled
[    0.000000] x86/PAT: MTRRs disabled, skipping PAT initialization too.
[    0.000000] CPU MTRRs all blank - virtualized system.
[    0.000000] x86/PAT: Configuration [0-7]: WB  WT  UC- UC  WB  WT  UC- UC  
[    0.000000] found SMP MP-table at [mem 0x0009fff0-0x0009ffff]
[    0.000000] Scanning 1 areas for low memory corruption
[    0.000000] RAMDISK: [mem 0x359c5000-0x36cd9fff]
[    0.000000] ACPI: Early table checksum verification disabled
[    0.000000] ACPI: RSDP 0x00000000000E0000 000024 (v02 VBOX  )
[    0.000000] ACPI: XSDT 0x000000007FFF0030 00003C (v01 VBOX   VBOXXSDT 00000001 ASL  00000061)
[    0.000000] ACPI: FACP 0x000000007FFF00F0 0000F4 (v04 VBOX   VBOXFACP 00000001 ASL  00000061)
[    0.000000] ACPI: DSDT 0x000000007FFF0470 002325 (v02 VBOX   VBOXBIOS 00000002 INTL 20100528)
[    0.000000] ACPI: FACS 0x000000007FFF0200 000040
[    0.000000] ACPI: FACS 0x000000007FFF0200 000040
[    0.000000] ACPI: APIC 0x000000007FFF0240 00005C (v02 VBOX   VBOXAPIC 00000001 ASL  00000061)
[    0.000000] ACPI: SSDT 0x000000007FFF02A0 0001CC (v01 VBOX   VBOXCPUT 00000002 INTL 20100528)
[    0.000000] ACPI: Reserving FACP table memory at [mem 0x7fff00f0-0x7fff01e3]
[    0.000000] ACPI: Reserving DSDT table memory at [mem 0x7fff0470-0x7fff2794]
[    0.000000] ACPI: Reserving FACS table memory at [mem 0x7fff0200-0x7fff023f]
[    0.000000] ACPI: Reserving FACS table memory at [mem 0x7fff0200-0x7fff023f]
[    0.000000] ACPI: Reserving APIC table memory at [mem 0x7fff0240-0x7fff029b]
[    0.000000] ACPI: Reserving SSDT table memory at [mem 0x7fff02a0-0x7fff046b]
[    0.000000] No NUMA configuration found
[    0.000000] Faking a node at [mem 0x0000000000000000-0x000000007ffeffff]
[    0.000000] NODE_DATA(0) allocated [mem 0x7ffc5000-0x7ffeffff]
[    0.000000] kvm-clock: cpu 0, msr 0:7ff44001, primary cpu clock
[    0.000000] kvm-clock: Using msrs 4b564d01 and 4b564d00
[    0.000000] kvm-clock: using sched offset of 3686754416 cycles
[    0.000000] clocksource: kvm-clock: mask: 0xffffffffffffffff max_cycles: 0x1cd42e4dffb, max_idle_ns: 881590591483 ns
[    0.000000] Zone ranges:
[    0.000000]   DMA      [mem 0x0000000000001000-0x0000000000ffffff]
[    0.000000]   DMA32    [mem 0x0000000001000000-0x000000007ffeffff]
[    0.000000]   Normal   empty
[    0.000000]   Device   empty
[    0.000000] Movable zone start for each node
[    0.000000] Early memory node ranges
[    0.000000]   node   0: [mem 0x0000000000001000-0x000000000009efff]
[    0.000000]   node   0: [mem 0x0000000000100000-0x000000007ffeffff]
[    0.000000] Reserved but unavailable: 104 pages
[    0.000000] Initmem setup node 0 [mem 0x0000000000001000-0x000000007ffeffff]
[    0.000000] ACPI: PM-Timer IO Port: 0x4008
[    0.000000] IOAPIC[0]: apic_id 2, version 32, address 0xfec00000, GSI 0-23
[    0.000000] ACPI: INT_SRC_OVR (bus 0 bus_irq 0 global_irq 2 dfl dfl)
[    0.000000] ACPI: INT_SRC_OVR (bus 0 bus_irq 9 global_irq 9 low level)
[    0.000000] Using ACPI (MADT) for SMP configuration information
[    0.000000] smpboot: Allowing 2 CPUs, 0 hotplug CPUs
[    0.000000] PM: Registered nosave memory: [mem 0x00000000-0x00000fff]
[    0.000000] PM: Registered nosave memory: [mem 0x0009f000-0x0009ffff]
[    0.000000] PM: Registered nosave memory: [mem 0x000a0000-0x000effff]
[    0.000000] PM: Registered nosave memory: [mem 0x000f0000-0x000fffff]
[    0.000000] e820: [mem 0x80000000-0xfebfffff] available for PCI devices
[    0.000000] Booting paravirtualized kernel on KVM
[    0.000000] clocksource: refined-jiffies: mask: 0xffffffff max_cycles: 0xffffffff, max_idle_ns: 7645519600211568 ns
[    0.000000] random: get_random_bytes called from start_kernel+0x99/0x500 with crng_init=0
[    0.000000] setup_percpu: NR_CPUS:8192 nr_cpumask_bits:2 nr_cpu_ids:2 nr_node_ids:1
[    0.000000] percpu: Embedded 50 pages/cpu s167936 r8192 d28672 u1048576
[    0.000000] PV qspinlock hash table entries: 256 (order: 0, 4096 bytes)
[    0.000000] Built 1 zonelists, mobility grouping on.  Total pages: 515961
[    0.000000] Policy zone: DMA32
[    0.000000] Kernel command line: BOOT_IMAGE=/boot/vmlinuz-4.15.0-189-generic root=LABEL=cloudimg-rootfs ro console=tty1 console=ttyS0
[    0.000000] Memory: 2014828K/2096696K available (12300K kernel code, 2484K rwdata, 4324K rodata, 2468K init, 2724K bss, 81868K reserved, 0K cma-reserved)
[    0.000000] SLUB: HWalign=64, Order=0-3, MinObjects=0, CPUs=2, Nodes=1
[    0.000000] Kernel/User page tables isolation: enabled
[    0.000000] ftrace: allocating 39515 entries in 155 pages
[    0.004000] Hierarchical RCU implementation.
[    0.004000] 	RCU restricting CPUs from NR_CPUS=8192 to nr_cpu_ids=2.
[    0.004000] 	Tasks RCU enabled.
[    0.004000] RCU: Adjusting geometry for rcu_fanout_leaf=16, nr_cpu_ids=2
[    0.004000] NR_IRQS: 524544, nr_irqs: 440, preallocated irqs: 16
[    0.004000] Console: colour VGA+ 80x25
[    0.004000] console [tty1] enabled
[    0.004000] console [ttyS0] enabled
[    0.004000] ACPI: Core revision 20170831
[    0.004000] ACPI: 2 ACPI AML tables successfully acquired and loaded
[    0.004000] APIC: Switch to symmetric I/O mode setup
[    0.004000] x2apic enabled
[    0.004000] Switched APIC routing to physical x2apic.
[    0.004000] ..TIMER: vector=0x30 apic1=0 pin1=2 apic2=-1 pin2=-1
[    0.004006] tsc: Detected 1800.003 MHz processor
[    0.005123] Calibrating delay loop (skipped) preset value.. 3600.00 BogoMIPS (lpj=7200012)
[    0.008004] pid_max: default: 32768 minimum: 301
[    0.009061] Security Framework initialized
[    0.010039] Yama: becoming mindful.
[    0.012024] AppArmor: AppArmor initialized
[    0.016127] Dentry cache hash table entries: 262144 (order: 9, 2097152 bytes)
[    0.020027] Inode-cache hash table entries: 131072 (order: 8, 1048576 bytes)
[    0.021792] Mount-cache hash table entries: 4096 (order: 3, 32768 bytes)
[    0.024010] Mountpoint-cache hash table entries: 4096 (order: 3, 32768 bytes)
[    0.025923] Last level iTLB entries: 4KB 64, 2MB 8, 4MB 8
[    0.027117] Last level dTLB entries: 4KB 64, 2MB 0, 4MB 0, 1GB 4
[    0.028003] Spectre V1 : Mitigation: usercopy/swapgs barriers and __user pointer sanitization
[    0.029946] Spectre V2 : Mitigation: Retpolines
[    0.032002] Spectre V2 : Spectre v2 / SpectreRSB mitigation: Filling RSB on context switch
[    0.033871] Speculative Store Bypass: Vulnerable
[    0.035215] MDS: Mitigation: Clear CPU buffers
[    0.036003] MMIO Stale Data: Mitigation: Clear CPU buffers
[    0.037272] SRBDS: Unknown: Dependent on hypervisor status
[    0.038646] Freeing SMP alternatives memory: 36K
[    0.150547] smpboot: CPU0: Intel(R) Core(TM) i5-8250U CPU @ 1.60GHz (family: 0x6, model: 0x8e, stepping: 0xa)
[    0.152000] Performance Events: unsupported p6 CPU model 142 no PMU driver, software events only.
[    0.152000] Hierarchical SRCU implementation.
[    0.152703] NMI watchdog: Perf event create on CPU 0 failed with -2
[    0.153978] NMI watchdog: Perf NMI watchdog permanently disabled
[    0.156044] smp: Bringing up secondary CPUs ...
[    0.157078] x86: Booting SMP configuration:
[    0.157975] .... node  #0, CPUs:      #1
[    0.004000] kvm-clock: cpu 1, msr 0:7ff44041, secondary cpu clock
[    0.160019] smp: Brought up 1 node, 2 CPUs
[    0.160895] smpboot: Max logical packages: 1
[    0.161803] smpboot: Total of 2 processors activated (7200.01 BogoMIPS)
[    0.164161] devtmpfs: initialized
[    0.164878] x86/mm: Memory block size: 128MB
[    0.166020] evm: security.selinux
[    0.168003] evm: security.SMACK64
[    0.168738] evm: security.SMACK64EXEC
[    0.169580] evm: security.SMACK64TRANSMUTE
[    0.170472] evm: security.SMACK64MMAP
[    0.171274] evm: security.apparmor
[    0.172003] evm: security.ima
[    0.172676] evm: security.capability
[    0.173504] clocksource: jiffies: mask: 0xffffffff max_cycles: 0xffffffff, max_idle_ns: 7645041785100000 ns
[    0.174000] futex hash table entries: 512 (order: 3, 32768 bytes)
[    0.176062] pinctrl core: initialized pinctrl subsystem
[    0.177292] RTC time: 19:52:30, date: 08/03/22
[    0.180173] NET: Registered protocol family 16
[    0.181269] audit: initializing netlink subsys (disabled)
[    0.182454] audit: type=2000 audit(1659556355.181:1): state=initialized audit_enabled=0 res=1
[    0.184010] cpuidle: using governor ladder
[    0.184938] cpuidle: using governor menu
[    0.185997] ACPI: bus type PCI registered
[    0.186987] acpiphp: ACPI Hot Plug PCI Controller Driver version: 0.5
[    0.188108] PCI: Using configuration type 1 for base access
[    0.192041] HugeTLB registered 2.00 MiB page size, pre-allocated 0 pages
[    0.196067] ACPI: Added _OSI(Module Device)
[    0.197072] ACPI: Added _OSI(Processor Device)
[    0.198136] ACPI: Added _OSI(3.0 _SCP Extensions)
[    0.199257] ACPI: Added _OSI(Processor Aggregator Device)
[    0.200016] ACPI: Added _OSI(Linux-Dell-Video)
[    0.201231] ACPI: Added _OSI(Linux-Lenovo-NV-HDMI-Audio)
[    0.202488] ACPI: Added _OSI(Linux-HPI-Hybrid-Graphics)
[    0.204337] ACPI: Executed 1 blocks of module-level executable AML code
[    0.210986] ACPI: Interpreter enabled
[    0.211962] ACPI: (supports S0 S5)
[    0.212006] ACPI: Using IOAPIC for interrupt routing
[    0.213477] PCI: Using host bridge windows from ACPI; if necessary, use "pci=nocrs" and report a bug
[    0.216207] ACPI: Enabled 2 GPEs in block 00 to 07
[    0.224963] ACPI: PCI Root Bridge [PCI0] (domain 0000 [bus 00-ff])
[    0.226371] acpi PNP0A03:00: _OSC: OS supports [ASPM ClockPM Segments MSI]
[    0.228388] acpi PNP0A03:00: _OSC: not requesting OS control; OS requires [ExtendedConfig ASPM ClockPM MSI]
[    0.230624] acpi PNP0A03:00: fail to add MMCONFIG information, can't access extended PCI configuration space under this bridge.
[    0.232471] PCI host bridge to bus 0000:00
[    0.233761] pci_bus 0000:00: root bus resource [io  0x0000-0x0cf7 window]
[    0.236006] pci_bus 0000:00: root bus resource [io  0x0d00-0xffff window]
[    0.237369] pci_bus 0000:00: root bus resource [mem 0x000a0000-0x000bffff window]
[    0.239979] pci_bus 0000:00: root bus resource [mem 0x80000000-0xfdffffff window]
[    0.240003] pci_bus 0000:00: root bus resource [bus 00-ff]
[    0.246193] pci 0000:00:01.1: legacy IDE quirk: reg 0x10: [io  0x01f0-0x01f7]
[    0.247710] pci 0000:00:01.1: legacy IDE quirk: reg 0x14: [io  0x03f6]
[    0.248007] pci 0000:00:01.1: legacy IDE quirk: reg 0x18: [io  0x0170-0x0177]
[    0.249453] pci 0000:00:01.1: legacy IDE quirk: reg 0x1c: [io  0x0376]
[    0.272744] pci 0000:00:07.0: quirk: [io  0x4000-0x403f] claimed by PIIX4 ACPI
[    0.274489] pci 0000:00:07.0: quirk: [io  0x4100-0x410f] claimed by PIIX4 SMB
[    0.284984] ACPI: PCI Interrupt Link [LNKA] (IRQs 5 9 10 *11)
[    0.286785] ACPI: PCI Interrupt Link [LNKB] (IRQs 5 9 *10 11)
[    0.288091] ACPI: PCI Interrupt Link [LNKC] (IRQs 5 *9 10 11)
[    0.289541] ACPI: PCI Interrupt Link [LNKD] (IRQs 5 9 10 *11)
[    0.291284] SCSI subsystem initialized
[    0.292032] pci 0000:00:02.0: vgaarb: setting as boot VGA device
[    0.293388] pci 0000:00:02.0: vgaarb: VGA device added: decodes=io+mem,owns=io+mem,locks=none
[    0.295345] pci 0000:00:02.0: vgaarb: bridge control possible
[    0.296003] vgaarb: loaded
[    0.296737] ACPI: bus type USB registered
[    0.297719] usbcore: registered new interface driver usbfs
[    0.299001] usbcore: registered new interface driver hub
[    0.300020] usbcore: registered new device driver usb
[    0.301309] EDAC MC: Ver: 3.0.0
[    0.304199] PCI: Using ACPI for IRQ routing
[    0.305311] NetLabel: Initializing
[    0.306168] NetLabel:  domain hash size = 128
[    0.307192] NetLabel:  protocols = UNLABELED CIPSOv4 CALIPSO
[    0.308017] NetLabel:  unlabeled traffic allowed by default
[    0.309298] clocksource: Switched to clocksource kvm-clock
[    0.327643] VFS: Disk quotas dquot_6.6.0
[    0.328663] VFS: Dquot-cache hash table entries: 512 (order 0, 4096 bytes)
[    0.330299] AppArmor: AppArmor Filesystem Enabled
[    0.331424] pnp: PnP ACPI init
[    0.333388] pnp: PnP ACPI: found 3 devices
[    0.342893] clocksource: acpi_pm: mask: 0xffffff max_cycles: 0xffffff, max_idle_ns: 2085701024 ns
[    0.345008] NET: Registered protocol family 2
[    0.346145] IP idents hash table entries: 32768 (order: 6, 262144 bytes)
[    0.347973] TCP established hash table entries: 16384 (order: 5, 131072 bytes)
[    0.349601] TCP bind hash table entries: 16384 (order: 6, 262144 bytes)
[    0.353554] TCP: Hash tables configured (established 16384 bind 16384)
[    0.355510] UDP hash table entries: 1024 (order: 3, 32768 bytes)
[    0.356885] UDP-Lite hash table entries: 1024 (order: 3, 32768 bytes)
[    0.358300] NET: Registered protocol family 1
[    0.359346] pci 0000:00:00.0: Limiting direct PCI/PCI transfers
[    0.360797] pci 0000:00:01.0: Activating ISA DMA hang workarounds
[    0.362210] pci 0000:00:02.0: Video device with shadowed ROM at [mem 0x000c0000-0x000dffff]
[    0.364277] Unpacking initramfs...
[    0.724297] Freeing initrd memory: 19540K
[    0.725805] clocksource: tsc: mask: 0xffffffffffffffff max_cycles: 0x19f22c73312, max_idle_ns: 440795259572 ns
[    0.728935] platform rtc_cmos: registered platform RTC device (no PNP device found)
[    0.730909] Scanning for low memory corruption every 60 seconds
[    0.733322] Initialise system trusted keyrings
[    0.734304] Key type blacklist registered
[    0.735254] workingset: timestamp_bits=36 max_order=19 bucket_order=0
[    0.740991] zbud: loaded
[    0.742346] squashfs: version 4.0 (2009/01/31) Phillip Lougher
[    0.744036] fuse init (API version 7.26)
[    0.747840] Key type asymmetric registered
[    0.748931] Asymmetric key parser 'x509' registered
[    0.750107] Block layer SCSI generic (bsg) driver version 0.4 loaded (major 246)
[    0.752391] io scheduler noop registered
[    0.753292] io scheduler deadline registered
[    0.754387] io scheduler cfq registered (default)
[    0.755759] ACPI: AC Adapter [AC] (on-line)
[    0.756829] input: Power Button as /devices/LNXSYSTM:00/LNXPWRBN:00/input/input0
[    0.758645] ACPI: Power Button [PWRF]
[    0.759620] input: Sleep Button as /devices/LNXSYSTM:00/LNXSLPBN:00/input/input1
[    0.761869] ACPI: Sleep Button [SLPF]
[    0.763958] ACPI: Battery Slot [BAT0] (battery present)
[    0.764212] Serial: 8250/16550 driver, 32 ports, IRQ sharing enabled
[    0.793105] 00:02: ttyS0 at I/O 0x3f8 (irq = 4, base_baud = 115200) is a 16550A
[    0.796863] Linux agpgart interface v0.103
[    0.799485] loop: module loaded
[    0.801459] scsi host0: ata_piix
[    0.802795] scsi host1: ata_piix
[    0.803708] ata1: PATA max UDMA/33 cmd 0x1f0 ctl 0x3f6 bmdma 0xd000 irq 14
[    0.805376] ata2: PATA max UDMA/33 cmd 0x170 ctl 0x376 bmdma 0xd008 irq 15
[    0.807267] tun: Universal TUN/TAP device driver, 1.6
[    0.808830] PPP generic driver version 2.4.2
[    0.810075] ehci_hcd: USB 2.0 'Enhanced' Host Controller (EHCI) Driver
[    0.811798] ehci-pci: EHCI PCI platform driver
[    0.813329] ehci-platform: EHCI generic platform driver
[    0.814595] ohci_hcd: USB 1.1 'Open' Host Controller (OHCI) Driver
[    0.815991] ohci-pci: OHCI PCI platform driver
[    0.817068] ohci-platform: OHCI generic platform driver
[    0.818285] uhci_hcd: USB Universal Host Controller Interface driver
[    0.819721] i8042: PNP: PS/2 Controller [PNP0303:PS2K,PNP0f03:PS2M] at 0x60,0x64 irq 1,12
[    0.822201] serio: i8042 KBD port at 0x60,0x64 irq 1
[    0.823394] serio: i8042 AUX port at 0x60,0x64 irq 12
[    0.824655] mousedev: PS/2 mouse device common for all mice
[    0.826880] input: AT Translated Set 2 keyboard as /devices/platform/i8042/serio0/input/input2
[    0.829663] rtc_cmos rtc_cmos: rtc core: registered rtc_cmos as rtc0
[    0.831178] rtc_cmos rtc_cmos: alarms up to one day, 114 bytes nvram
[    0.832685] i2c /dev entries driver
[    0.833615] device-mapper: uevent: version 1.0.3
[    0.834834] device-mapper: ioctl: 4.37.0-ioctl (2017-09-20) initialised: dm-devel@redhat.com
[    0.836961] ledtrig-cpu: registered to indicate activity on CPUs
[    0.839254] NET: Registered protocol family 10
[    0.844171] Segment Routing with IPv6
[    0.845032] NET: Registered protocol family 17
[    0.846122] Key type dns_resolver registered
[    0.847511] mce: Using 0 MCE banks
[    0.848474] RAS: Correctable Errors collector initialized.
[    0.849745] sched_clock: Marking stable (848449933, 0)->(1112932885, -264482952)
[    0.852369] registered taskstats version 1
[    0.853308] Loading compiled-in X.509 certificates
[    0.856722] Loaded X.509 cert 'Build time autogenerated kernel key: 9c4811ffd453f4b0c13447eb15d717d926dfaff5'
[    0.859654] Loaded X.509 cert 'Canonical Ltd. Live Patch Signing: 14df34d1a87cf37625abec039ef2bf521249b969'
[    0.862636] Loaded X.509 cert 'Canonical Ltd. Kernel Module Signing: 88f752e560a1e0737e31163a466ad7b70a850c19'
[    0.864928] blacklist: Loading compiled-in revocation X.509 certificates
[    0.866462] Loaded X.509 cert 'Canonical Ltd. Secure Boot Signing: 61482aa2830d0ab2ad5af10b7250da9033ddcef0'
[    0.868708] zswap: loaded using pool lzo/zbud
[    0.874066] Key type big_key registered
[    0.875043] Key type trusted registered
[    0.877715] Key type encrypted registered
[    0.878672] AppArmor: AppArmor sha1 policy hashing enabled
[    0.879945] ima: No TPM chip found, activating TPM-bypass! (rc=-19)
[    0.881428] ima: Allocated hash algorithm: sha1
[    0.882524] evm: HMAC attrs: 0x1
[    0.883551]   Magic number: 2:592:899
[    0.884769] rtc_cmos rtc_cmos: setting system clock to 2022-08-03 19:52:30 UTC (1659556350)
[    0.887233] BIOS EDD facility v0.16 2004-Jun-25, 0 devices found
[    0.888651] EDD information not available.
[    1.066258] Freeing unused kernel image memory: 2468K
[    1.157677] Write protecting the kernel read-only data: 20480k
[    1.160173] Freeing unused kernel image memory: 2008K
[    1.162005] Freeing unused kernel image memory: 1820K
[    1.173711] x86/mm: Checked W+X mappings: passed, no W+X pages found.
[    1.175258] x86/mm: Checking user space page tables
[    1.185201] x86/mm: Checked W+X mappings: passed, no W+X pages found.
Loading, please wait...
starting version 237
[    1.262712] Fusion MPT base driver 3.04.20
[    1.263734] Copyright (c) 1999-2008 LSI Corporation
[    1.290086] AVX2 version of gcm_enc/dec engaged.
[    1.291219] AES CTR mode by8 optimization enabled
[    1.299664] e1000: Intel(R) PRO/1000 Network Driver - version 7.3.21-k8-NAPI
[    1.301335] e1000: Copyright (c) 1999-2006 Intel Corporation.
[    1.309604] Fusion MPT SPI Host driver 3.04.20
[    1.489673] input: ImExPS/2 Generic Explorer Mouse as /devices/platform/i8042/serio1/input/input4
[    1.718036] e1000 0000:00:03.0 eth0: (PCI:33MHz:32-bit) 02:70:df:2f:2a:c8
[    1.719606] e1000 0000:00:03.0 eth0: Intel(R) PRO/1000 Network Connection
[    1.722538] mptbase: ioc0: Initiating bringup
[    1.724137] e1000 0000:00:03.0 enp0s3: renamed from eth0
[    1.817103] ioc0: LSI53C1030 A0: Capabilities={Initiator}
[    2.058826] scsi host2: ioc0: LSI53C1030 A0, FwRev=00000000h, Ports=1, MaxQ=256, IRQ=20
[    2.229588] scsi 2:0:0:0: Direct-Access     VBOX     HARDDISK         1.0  PQ: 0 ANSI: 5
[    2.268527] scsi target2:0:0: Beginning Domain Validation
[    2.277892] scsi target2:0:0: Domain Validation skipping write tests
[    2.279658] scsi target2:0:0: Ending Domain Validation
[    2.281095] scsi target2:0:0: asynchronous
[    2.282795] scsi 2:0:1:0: Direct-Access     VBOX     HARDDISK         1.0  PQ: 0 ANSI: 5
[    2.316839] scsi target2:0:1: Beginning Domain Validation
[    2.320136] random: fast init done
[    2.321748] scsi target2:0:1: Domain Validation skipping write tests
[    2.323244] scsi target2:0:1: Ending Domain Validation
[    2.324718] scsi target2:0:1: asynchronous
[    2.331132] random: systemd-udevd: uninitialized urandom read (16 bytes read)
[    2.332856] sd 2:0:0:0: Attached scsi generic sg0 type 0
[    2.332973] random: systemd-udevd: uninitialized urandom read (16 bytes read)
[    2.335885] random: systemd-udevd: uninitialized urandom read (16 bytes read)
[    2.337617] sd 2:0:0:0: [sda] 83886080 512-byte logical blocks: (42.9 GB/40.0 GiB)
[    2.337644] sd 2:0:1:0: Attached scsi generic sg1 type 0
[    2.339441] sd 2:0:0:0: [sda] Write Protect is off
[    2.342605] sd 2:0:1:0: [sdb] 20480 512-byte logical blocks: (10.5 MB/10.0 MiB)
[    2.342766] sd 2:0:0:0: [sda] Incomplete mode parameter data
[    2.345453] sd 2:0:0:0: [sda] Assuming drive cache: write through
[    2.345503] sd 2:0:1:0: [sdb] Write Protect is off
[    2.348301]  sda: sda1
[    2.348343] sd 2:0:1:0: [sdb] Incomplete mode parameter data
[    2.349768] sd 2:0:0:0: [sda] Attached SCSI disk
[    2.350218] sd 2:0:1:0: [sdb] Assuming drive cache: write through
[    2.356145] sd 2:0:1:0: [sdb] Attached SCSI disk
Begin: Loading essential drivers ... [    3.956070] raid6: sse2x1   gen() 11547 MB/s
[    4.004089] raid6: sse2x1   xor()  7852 MB/s
[    4.052389] raid6: sse2x2   gen() 14191 MB/s
[    4.100092] raid6: sse2x2   xor()  9475 MB/s
[    4.148077] raid6: sse2x4   gen() 16134 MB/s
[    4.196089] raid6: sse2x4   xor() 10203 MB/s
[    4.244138] raid6: avx2x1   gen() 23003 MB/s
[    4.292095] raid6: avx2x1   xor() 16169 MB/s
[    4.340105] raid6: avx2x2   gen() 27212 MB/s
[    4.388122] raid6: avx2x2   xor() 17414 MB/s
[    4.436094] raid6: avx2x4   gen() 32196 MB/s
[    4.484092] raid6: avx2x4   xor() 19385 MB/s
[    4.485158] raid6: using algorithm avx2x4 gen() 32196 MB/s
[    4.486414] raid6: .... xor() 19385 MB/s, rmw enabled
[    4.487576] raid6: using avx2x2 recovery algorithm
[    4.490107] xor: automatically using best checksumming function   avx       
[    4.492918] async_tx: api initialized (async)
done.
Begin: Running /scripts/init-premount ... done.
Begin: Mounting root file system ... Begin: Running /scripts/local-top ... done.
Begin: Running /scripts/local-premount ... [    4.539451] Btrfs loaded, crc32c=crc32c-intel
Scanning for Btrfs filesystems
done.
Warning: fsck not present, so skipping root file system
[    4.569117] EXT4-fs (sda1): mounted filesystem with ordered data mode. Opts: (null)
done.
Begin: Running /scripts/local-bottom ... done.
Begin: Running /scripts/init-bottom ... done.
[    4.721502] ip_tables: (C) 2000-2006 Netfilter Core Team
[    4.732784] systemd[1]: systemd 237 running in system mode. (+PAM +AUDIT +SELINUX +IMA +APPARMOR +SMACK +SYSVINIT +UTMP +LIBCRYPTSETUP +GCRYPT +GNUTLS +ACL +XZ +LZ4 +SECCOMP +BLKID +ELFUTILS +KMOD -IDN2 +IDN -PCRE2 default-hierarchy=hybrid)
[    4.737659] systemd[1]: Detected virtualization oracle.
[    4.738891] systemd[1]: Detected architecture x86-64.

Welcome to [1mUbuntu 18.04.6 LTS[0m!

[    4.756895] systemd[1]: Set hostname to <ubuntu>.
[    4.760774] systemd[1]: Initializing machine ID from random generator.
[    4.762319] systemd[1]: Installed transient /etc/machine-id file.
[    5.011903] systemd[1]: Reached target User and Group Name Lookups.
[[0;32m  OK  [0m] Reached target User and Group Name Lookups.
[    5.016379] systemd[1]: Created slice System Slice.
[[0;32m  OK  [0m] Created slice System Slice.
[    5.028982] systemd[1]: Listening on LVM2 metadata daemon socket.
[[0;32m  OK  [0m] Listening on LVM2 metadata daemon socket.
[    5.040640] systemd[1]: Listening on LVM2 poll daemon socket.
[[0;32m  OK  [0m] Listening on LVM2 poll daemon socket.
[[0;32m  OK  [0m] Created slice system-serial\x2dgetty.slice.
[[0;32m  OK  [0m] Listening on /dev/initctl Compatibility Named Pipe.
[[0;32m  OK  [0m] Listening on Network Service Netlink Socket.
[[0;32m  OK  [0m] Listening on Journal Socket.
         Starting Load Kernel Modules...
         Starting Create list of required st…ce nodes for the current kernel...
[    5.121090] Loading iSCSI transport class v2.0-870.
[    5.127453] iscsi: registered transport (tcp)
         Starting Set the console keyboard layout...
         Mounting POSIX Message Queue File System...
         Mounting Huge Pages File System...
[[0;32m  OK  [0m] Reached target Swap.
[[0;32m  OK  [0m] Listening on udev Control Socket.
[[0;32m  OK  [0m] Reached target System Time Synchronized.
[[0;32m  OK  [0m] Started Forward Password Requests to Wall Directory Watch.
[[0;32m  OK  [0m] Listening on Syslog Socket.
[    5.145707] iscsi: registered transport (iser)
         Mounting Kernel Debug File System...
[[0;32m  OK  [0m] Created slice User and Session Slice.
[[0;32m  OK  [0m] Reached target Slices.
[[0;32m  OK  [0m] Listening on udev Kernel Socket.
         Starting udev Coldplug all Devices...
[[0;32m  OK  [0m] Set up automount Arbitrary Executab…rmats File System Automount Point.
[[0;32m  OK  [0m] Listening on fsck to fsckd communication Socket.
         Starting File System Check on Root Device...
[[0;32m  OK  [0m] Listening on Device-mapper event daemon FIFOs.
[[0;32m  OK  [0m] Listening on Journal Socket (/dev/log).
         Starting Monitoring of LVM2 mirrors…ng dmeventd or progress polling...
[[0;32m  OK  [0m] Listening on Journal Audit Socket.
         Starting Journal Service...
         Starting Uncomplicated firewall...
[[0;32m  OK  [0m] Started Load Kernel Modules.
[[0;32m  OK  [0m] Started Create list of required sta…vice nodes for the current kernel.
[[0;32m  OK  [0m] Mounted POSIX Message Queue File System.
[[0;32m  OK  [0m] Mounted Huge Pages File System.
[[0;32m  OK  [0m] Mounted Kernel Debug File System.
[[0;32m  OK  [0m] Started Uncomplicated firewall.
[[0;32m  OK  [0m] Started LVM2 metadata daemon.
[[0;32m  OK  [0m] Started File System Check Daemon to report status.
         Starting Create Static Device Nodes in /dev...
         Mounting Kernel Configuration File System...
         Starting Apply Kernel Variables...
         Mounting FUSE Control File System...
[[0;32m  OK  [0m] Started Journal Service.
[[0;32m  OK  [0m] Started File System Check on Root Device.
[[0;32m  OK  [0m] Started Monitoring of LVM2 mirrors,…sing dmeventd or progress polling.
[[0;32m  OK  [0m] Started udev Coldplug all Devices.
[[0;32m  OK  [0m] Mounted Kernel Configuration File System.
[[0;32m  OK  [0m] Mounted FUSE Control File System.
         Starting Remount Root and Kernel File Systems...
[[0;32m  OK  [0m] Started Create Static Device Nodes in /dev.
[[0;32m  OK  [0m] Started Apply Kernel Variables.
[[0;32m  OK  [0m] Started Remount Root and Kernel File Systems.
         Starting udev Kernel Device Manager...
         Starting Flush Journal to Persistent Storage...
         Starting Load/Save Random Seed...
[[0;32m  OK  [0m] Started udev Kernel Device Manager.
[[0;32m  OK  [0m] Started Load/Save Random Seed.
[[0;32m  OK  [0m] Started Flush Journal to Persistent Storage.
[[0;32m  OK  [0m] Found device /dev/ttyS0.
[[0;32m  OK  [0m] Listening on Load/Save RF Kill Switch Status /dev/rfkill Watch.
[[0;32m  OK  [0m] Started Set the console keyboard layout.
[[0;32m  OK  [0m] Started Dispatch Password Requests to Console Directory Watch.
[[0;32m  OK  [0m] Reached target Local Encrypted Volumes.
[[0;32m  OK  [0m] Reached target Local File Systems (Pre).
[[0;32m  OK  [0m] Reached target Local File Systems.
         Starting ebtables ruleset management...
         Starting Commit a transient machine-id on disk...
         Starting AppArmor initialization...
         Starting Tell Plymouth To Write Out Runtime Data...
         Starting Create Volatile Files and Directories...
         Starting Set console font and keymap...
[[0;32m  OK  [0m] Started Tell Plymouth To Write Out Runtime Data.
[[0;32m  OK  [0m] Started Create Volatile Files and Directories.
         Starting Update UTMP about System Boot/Shutdown...
[[0;32m  OK  [0m] Started Update UTMP about System Boot/Shutdown.
[[0;32m  OK  [0m] Started Commit a transient machine-id on disk.
[[0;32m  OK  [0m] Started ebtables ruleset management.
[[0;32m  OK  [0m] Started Set console font and keymap.
[[0;32m  OK  [0m] Started AppArmor initialization.
         Starting Load AppArmor profiles managed internally by snapd...
         Starting Initial cloud-init job (pre-networking)...
[[0;32m  OK  [0m] Started Load AppArmor profiles managed internally by snapd.
[   10.360166] cloud-init[863]: Cloud-init v. 22.2-0ubuntu1~18.04.3 running 'init-local' at Wed, 03 Aug 2022 19:52:39 +0000. Up 9.80 seconds.
[[0;32m  OK  [0m] Started Initial cloud-init job (pre-networking).
[[0;32m  OK  [0m] Reached target Network (Pre).
         Starting Network Service...
[[0;32m  OK  [0m] Started Network Service.
         Starting Wait for Network to be Configured...
         Starting Network Name Resolution...
[[0;32m  OK  [0m] Started Network Name Resolution.
[[0;32m  OK  [0m] Reached target Network.
[[0;32m  OK  [0m] Reached target Host and Network Name Lookups.
[[0;32m  OK  [0m] Started Wait for Network to be Configured.
         Starting Initial cloud-init job (metadata service crawler)...
[   13.593282] cloud-init[1006]: Cloud-init v. 22.2-0ubuntu1~18.04.3 running 'init' at Wed, 03 Aug 2022 19:52:42 +0000. Up 13.32 seconds.
[   13.596256] cloud-init[1006]: ci-info: ++++++++++++++++++++++++++++++++++++++Net device info++++++++++++++++++++++++++++++++++++++
[   13.598601] cloud-init[1006]: ci-info: +--------+------+----------------------------+---------------+--------+-------------------+
[   13.601050] cloud-init[1006]: ci-info: | Device |  Up  |          Address           |      Mask     | Scope  |     Hw-Address    |
[   13.603194] cloud-init[1006]: ci-info: +--------+------+----------------------------+---------------+--------+-------------------+
[   13.605703] cloud-init[1006]: ci-info: | enp0s3 | True |         10.0.2.15          | 255.255.255.0 | global | 02:70:df:2f:2a:c8 |
[   13.607927] cloud-init[1006]: ci-info: | enp0s3 | True | fe80::70:dfff:fe2f:2ac8/64 |       .       |  link  | 02:70:df:2f:2a:c8 |
[   13.610203] cloud-init[1006]: ci-info: |   lo   | True |         127.0.0.1          |   255.0.0.0   |  host  |         .         |
[   13.624301] cloud-init[1006]: ci-info: |   lo   | True |          ::1/128           |       .       |  host  |         .         |
[   13.626606] cloud-init[1006]: ci-info: +--------+------+----------------------------+---------------+--------+-------------------+
[   13.629199] cloud-init[1006]: ci-info: ++++++++++++++++++++++++++++Route IPv4 info+++++++++++++++++++++++++++++
[   13.631317] cloud-init[1006]: ci-info: +-------+-------------+----------+-----------------+-----------+-------+
[   13.644345] cloud-init[1006]: ci-info: | Route | Destination | Gateway  |     Genmask     | Interface | Flags |
[   13.656229] cloud-init[1006]: ci-info: +-------+-------------+----------+-----------------+-----------+-------+
[   13.657888] cloud-init[1006]: ci-info: |   0   |   0.0.0.0   | 10.0.2.2 |     0.0.0.0     |   enp0s3  |   UG  |
[   13.668264] cloud-init[1006]: ci-info: |   1   |   10.0.2.0  | 0.0.0.0  |  255.255.255.0  |   enp0s3  |   U   |
[   13.669470] cloud-init[1006]: ci-info: |   2   |   10.0.2.2  | 0.0.0.0  | 255.255.255.255 |   enp0s3  |   UH  |
[   13.671213] cloud-init[1006]: ci-info: +-------+-------------+----------+-----------------+-----------+-------+
[   13.673557] cloud-init[1006]: ci-info: +++++++++++++++++++Route IPv6 info+++++++++++++++++++
[   13.675290] cloud-init[1006]: ci-info: +-------+-------------+---------+-----------+-------+
[   13.676613] cloud-init[1006]: ci-info: | Route | Destination | Gateway | Interface | Flags |
[   13.678049] cloud-init[1006]: ci-info: +-------+-------------+---------+-----------+-------+
[   13.688439] cloud-init[1006]: ci-info: |   1   |  fe80::/64  |    ::   |   enp0s3  |   U   |
[   13.689706] cloud-init[1006]: ci-info: |   3   |    local    |    ::   |   enp0s3  |   U   |
[   13.704209] cloud-init[1006]: ci-info: |   4   |   ff00::/8  |    ::   |   enp0s3  |   U   |
[   13.705880] cloud-init[1006]: ci-info: +-------+-------------+---------+-----------+-------+
[   15.992741] cloud-init[1006]: Generating public/private rsa key pair.
[   15.994298] cloud-init[1006]: Your identification has been saved in /etc/ssh/ssh_host_rsa_key.
[   15.995656] cloud-init[1006]: Your public key has been saved in /etc/ssh/ssh_host_rsa_key.pub.
[   15.996836] cloud-init[1006]: The key fingerprint is:
[   15.997834] cloud-init[1006]: SHA256:3gdmzlIdspc7b1+iu49CcQGvlbaE8UBBJoy4yU5Wc9w root@ubuntu-bionic
[   15.998708] cloud-init[1006]: The key's randomart image is:
[   15.999651] cloud-init[1006]: +---[RSA 2048]----+
[   16.000848] cloud-init[1006]: |     . +.+Oo     |
[   16.012264] cloud-init[1006]: |    . + +oE*..   |
[   16.013606] cloud-init[1006]: |   . + o  o O.   |
[   16.014993] cloud-init[1006]: |    *     .O.+   |
[   16.015802] cloud-init[1006]: |   +    S Bo=    |
[   16.028270] cloud-init[1006]: |    .  . B.o .   |
[   16.029184] cloud-init[1006]: |        o.+ + . .|
[   16.030216] cloud-init[1006]: |         ... =...|
[   16.031248] cloud-init[1006]: |           .==o..|
[   16.032507] cloud-init[1006]: +----[SHA256]-----+
[   16.033672] cloud-init[1006]: Generating public/private dsa key pair.
[   16.035330] cloud-init[1006]: Your identification has been saved in /etc/ssh/ssh_host_dsa_key.
[   16.037398] cloud-init[1006]: Your public key has been saved in /etc/ssh/ssh_host_dsa_key.pub.
[   16.038616] cloud-init[1006]: The key fingerprint is:
[   16.039542] cloud-init[1006]: SHA256:5zv6bEzMBJ1cgavDn2ah590/2ShCCppk9cI/Z/hDlYU root@ubuntu-bionic
[   16.052285] cloud-init[1006]: The key's randomart image is:
[   16.053672] cloud-init[1006]: +---[DSA 1024]----+
[   16.054460] cloud-init[1006]: |         o +oo   |
[   16.055260] cloud-init[1006]: |        . = E .  |
[   16.056004] cloud-init[1006]: |         . . o   |
[   16.056762] cloud-init[1006]: |      .   o o    |
[   16.057462] cloud-init[1006]: |     o oS=..     |
[   16.058810] cloud-init[1006]: |    o + =oB      |
[   16.059860] cloud-init[1006]: |   o o + @.o   .o|
[   16.060881] cloud-init[1006]: |    o   *.#o...o.|
[   16.061844] cloud-init[1006]: |        .&*+....o|
[   16.062853] cloud-init[1006]: +----[SHA256]-----+
[   16.063842] cloud-init[1006]: Generating public/private ecdsa key pair.
[   16.064838] cloud-init[1006]: Your identification has been saved in /etc/ssh/ssh_host_ecdsa_key.
[   16.066096] cloud-init[1006]: Your public key has been saved in /etc/ssh/ssh_host_ecdsa_key.pub.
[   16.067363] cloud-init[1006]: The key fingerprint is:
[   16.068308] cloud-init[1006]: SHA256:u5pyku8cV7Iu3BBwDHkvfKbfP4hTau0tiPulKrWwc/w root@ubuntu-bionic
[   16.069981] cloud-init[1006]: The key's randomart image is:
[   16.070808] cloud-init[1006]: +---[ECDSA 256]---+
[   16.071634] cloud-init[1006]: |    .+           |
[   16.072470] cloud-init[1006]: |    o +          |
[   16.073232] cloud-init[1006]: |     = .         |
[   16.074186] cloud-init[1006]: |      + +        |
[   16.084299] cloud-init[1006]: |       *S .      |
[   16.085326] cloud-init[1006]: |    . +  =.      |
[   16.086497] cloud-init[1006]: |     B.*+B..     |
[   16.087459] cloud-init[1006]: |    B.O=O+=..    |
[   16.100213] cloud-init[1006]: |     XOOEo.oo.   |
[   16.100958] cloud-init[1006]: +----[SHA256]-----+
[[0;32m  OK  [0m] Started Initial cloud-init job (metadata service crawler).
[   16.118637] cloud-init[1006]: Generating public/private ed25519 key pair.
[   16.127456] cloud-init[1006]: Your identification has been saved in /etc/ssh/ssh_host_ed25519_key.
[   16.160579] cloud-init[1006]: Your public key has been saved in /etc/ssh/ssh_host_ed25519_key.pub.
[[   16.161824] [0;32m  OK  [0mcloud-init] [1006]: Reached target Cloud-config availability.The key fingerprint is:

[   16.161878] cloud-init[1006]: SHA256:owuC8ggF8q4XB5YdRSPEJPCMNzUlk8BEqqhu7PIIZOg root@ubuntu-bionic
[[0;32m  OK  [0m[   16.164995] cloud-init[1006]: The key's randomart image is:
[   16.165290] cloud-init[1006]: +--[ED25519 256]--+
[   16.165757] cloud-init[1006]: |.===O==          |
[   16.166657] cloud-init[1006]: | =.o+= .         |
[   16.167137] cloud-init[1006]: |= =o .           |
[   16.167641] cloud-init[1006]: |=++..            |
[   16.168721] cloud-init[1006]: |++o.    S        |
[   16.169034] cloud-init[1006]: |=+. .  . .       |
[   16.169621] cloud-init[1006]: |BEoo. .          |
[   16.170275] cloud-init[1006]: |*B.. . .         |
[   16.170707] cloud-init[1006]: |B=o   .          |
[   16.171352] cloud-init[1006]: +----[SHA256]-----+
] Reached target Network is Online.
         Starting Availability of block devices...
[[0;32m  OK  [0m] Reached target Remote File Systems (Pre).
[[0;32m  OK  [0m] Reached target Remote File Systems.
[[0;32m  OK  [0m] Reached target System Initialization.
[[0;32m  OK  [0m] Started ACPI Events Check.
[[0;32m  OK  [0m] Started Message of the Day.
         Starting Socket activation for snappy daemon.
[[0;32m  OK  [0m] Listening on Open-iSCSI iscsid Socket.
[[0;32m  OK  [0m] Listening on cloud-init hotplug hook socket.
[[0;32m  OK  [0m] Reached target Paths.
[[0;32m  OK  [0m] Started Ubuntu Advantage Timer for running repeated jobs.
         Starting LXD - unix socket.
[[0;32m  OK  [0m] Listening on D-Bus System Message Bus Socket.
[[0;32m  OK  [0m] Started Discard unused blocks once a week.
[[0;32m  OK  [0m] Started Daily Cleanup of Temporary Directories.
[[0;32m  OK  [0m] Started Daily apt download activities.
[[0;32m  OK  [0m] Started Daily apt upgrade and clean activities.
[[0;32m  OK  [0m] Reached target Timers.
[[0;32m  OK  [0m] Listening on ACPID Listen Socket.
[[0;32m  OK  [0m] Listening on UUID daemon activation socket.
[[0;32m  OK  [0m] Started Availability of block devices.
[[0;32m  OK  [0m] Listening on Socket activation for snappy daemon.
[[0;32m  OK  [0m] Listening on LXD - unix socket.
[[0;32m  OK  [0m] Reached target Sockets.
[[0;32m  OK  [0m] Reached target Basic System.
[[0;32m  OK  [0m] Started Regular background program processing daemon.
         Starting Permit User Sessions...
         Starting LSB: Record successful boot for GRUB...
         Starting Accounts Service...
[[0;32m  OK  [0m] Started FUSE filesystem for LXC.
[[0;32m  OK  [0m] Started D-Bus System Message Bus.
         Starting LSB: automatic crash report generation...
         Starting System Logging Service...
[[0;32m  OK  [0m] Started Deferred execution scheduler.
         Starting Virtualbox guest utils...
[[0;32m  OK  [0m] Started irqbalance daemon.
         Starting Pollinate to seed the pseudo random number generator...
         Starting LXD - container startup/shutdown...
         Starting Login Service...
         Starting Dispatcher daemon for systemd-networkd...
         Starting Snap Daemon...
[[0;32m  OK  [0m] Started System Logging Service.
[[0;32m  OK  [0m] Started Permit User Sessions.
[[0;32m  OK  [0m] Started Login Service.
[[0;32m  OK  [0m] Started Unattended Upgrades Shutdown.
         Starting Authorization Manager...
         Starting Terminate Plymouth Boot Screen...
         Starting Hold until boot process finishes up...
[[0;32m  OK  [0m] Started Hold until boot process finishes up.
[[0;32m  OK  [0m] Started Serial Getty on ttyS0.
         Starting Set console scheme...
[[0;32m  OK  [0m] Started Terminate Plymouth Boot Screen.
[[0;32m  OK  [0m] Started LSB: automatic crash report generation.
[[0;32m  OK  [0m] Started Authorization Manager.
[[0;32m  OK  [0m] Started Accounts Service.
[[0;32m  OK  [0m] Started Set console scheme.
[[0;32m  OK  [0m] Created slice system-getty.slice.
[[0;32m  OK  [0m] Started Getty on tty1.
[[0;32m  OK  [0m] Reached target Login Prompts.
[[0;32m  OK  [0m] Started LXD - container startup/shutdown.
[[0;32m  OK  [0m] Started LSB: Record successful boot for GRUB.
[[0;32m  OK  [0m] Started Virtualbox guest utils.
[[0;32m  OK  [0m] Started Dispatcher daemon for systemd-networkd.
[[0;32m  OK  [0m] Started Snap Daemon.
         Starting Wait until snapd is fully seeded...
         Starting Time & Date Service...
[[0;32m  OK  [0m] Started Time & Date Service.
[[0;32m  OK  [0m] Started Wait until snapd is fully seeded.
         Starting Apply the settings specified in cloud-config...
[[0;32m  OK  [0m] Started Pollinate to seed the pseudo random number generator.
         Starting OpenBSD Secure Shell server...
[[0;32m  OK  [0m] Started OpenBSD Secure Shell server.
[[0;32m  OK  [0m] Created slice User Slice of vagrant.
         Starting User Manager for UID 1000...
[[0;32m  OK  [0m] Started Session 1 of user vagrant.
[[0;32m  OK  [0m] Started User Manager for UID 1000.
[   19.789284] cloud-init[1464]: Cloud-init v. 22.2-0ubuntu1~18.04.3 running 'modules:config' at Wed, 03 Aug 2022 19:52:48 +0000. Up 18.94 seconds.
[[0;32m  OK  [0m] Started Apply the settings specified in cloud-config.
[[0;32m  OK  [0m] Reached target Multi-User System.
         Starting Execute cloud user/final scripts...
[[0;32m  OK  [0m] Reached target Graphical Interface.
         Starting Update UTMP about System Runlevel Changes...
[[0;32m  OK  [0m] Started Update UTMP about System Runlevel Changes.
ci-info: no authorized SSH keys fingerprints found for user ubuntu.
<14>Aug  3 19:52:51 cloud-init: #############################################################
<14>Aug  3 19:52:51 cloud-init: -----BEGIN SSH HOST KEY FINGERPRINTS-----
<14>Aug  3 19:52:51 cloud-init: 1024 SHA256:5zv6bEzMBJ1cgavDn2ah590/2ShCCppk9cI/Z/hDlYU root@ubuntu-bionic (DSA)
<14>Aug  3 19:52:51 cloud-init: 256 SHA256:u5pyku8cV7Iu3BBwDHkvfKbfP4hTau0tiPulKrWwc/w root@ubuntu-bionic (ECDSA)
<14>Aug  3 19:52:51 cloud-init: 256 SHA256:owuC8ggF8q4XB5YdRSPEJPCMNzUlk8BEqqhu7PIIZOg root@ubuntu-bionic (ED25519)
<14>Aug  3 19:52:51 cloud-init: 2048 SHA256:3gdmzlIdspc7b1+iu49CcQGvlbaE8UBBJoy4yU5Wc9w root@ubuntu-bionic (RSA)
<14>Aug  3 19:52:51 cloud-init: -----END SSH HOST KEY FINGERPRINTS-----
<14>Aug  3 19:52:51 cloud-init: #############################################################
-----BEGIN SSH HOST KEY KEYS-----
ecdsa-sha2-nistp256 AAAAE2VjZHNhLXNoYTItbmlzdHAyNTYAAAAIbmlzdHAyNTYAAABBBPcP+tu3F5HHC2hcuy6qaJZba2xnfv3+UQusIX/AcaSgOZWGFCLHEVmZ6UEG3pyHHnIitJh2S//Emxc5f9hWQS4= root@ubuntu-bionic
ssh-ed25519 AAAAC3NzaC1lZDI1NTE5AAAAIL5SUXTadTWUZyzQKdstmFw8g0Ew4bJR7WtMr6eheZZP root@ubuntu-bionic
ssh-rsa AAAAB3NzaC1yc2EAAAADAQABAAABAQDL5E1jhGnbojwjIVIN/0Sc6pqTSiwUiSniqXUsVU1y11MAYQarqN/UEgqAwaHa9dTvGSdkgWIlpi1XQO+05oJ4GHho0s2gx5oEAq9mSYiIla/XwnoQNHtM3hlMemoCw+tVxAOgRtVviAW+i/z8GdfFheqPIg8kWrTcPE+gH6p4pqb/ZjGr+n1eikIrEEKTCThbzfGOVyEY8g9BE/rdUm3tVK+GqrslNIIgQEVEK5Td8Qh0qf1Ts6UmyQ5DTK7Vm2z6E7nBQeAc6IVR/vUqwou5jWEMF9EFCNB8fkwR3HknVs1a2G5r3JY35EAFHF4fKA9KlWVecs5ealXBOBMKIwsr root@ubuntu-bionic
-----END SSH HOST KEY KEYS-----
[   21.558861] cloud-init[1572]: Cloud-init v. 22.2-0ubuntu1~18.04.3 running 'modules:final' at Wed, 03 Aug 2022 19:52:50 +0000. Up 20.41 seconds.
[   21.568236] cloud-init[1572]: Cloud-init v. 22.2-0ubuntu1~18.04.3 finished at Wed, 03 Aug 2022 19:52:51 +0000. Datasource DataSourceNoCloud [seed=/dev/sdb][dsmode=net].  Up 21.54 seconds
[[0;32m  OK  [0m] Started Execute cloud user/final scripts.
[[0;32m  OK  [0m] Reached target Cloud-init target.

Ubuntu 18.04.6 LTS ubuntu-bionic ttyS0

ubuntu-bionic login: 